# JRE version: Java(TM) SE Runtime Environment (8.0_141-b15) (build 1.8.0_141-b15)
# Java VM: Java HotSpot(TM) 64-Bit Server VM (25.141-b15 mixed mode windows-amd64 compressed oops)
Heap:
 PSYoungGen      total 149504K, used 28900K [0x00000000d5e00000, 0x00000000e9600000, 0x0000000100000000)
  eden space 132608K, 9% used [0x00000000d5e00000,0x00000000d69bb9f0,0x00000000ddf80000)
  from space 16896K, 99% used [0x00000000ddf80000,0x00000000deffd6d0,0x00000000df000000)
  to   space 27136K, 0% used [0x00000000e7b80000,0x00000000e7b80000,0x00000000e9600000)
 ParOldGen       total 87552K, used 37738K [0x0000000081a00000, 0x0000000086f80000, 0x00000000d5e00000)
  object space 87552K, 43% used [0x0000000081a00000,0x0000000083eda8d0,0x0000000086f80000)
 Metaspace       used 20279K, capacity 20842K, committed 20992K, reserved 1067008K
  class space    used 2359K, capacity 2510K, committed 2560K, reserved 1048576K
GC Heap History (10 events):
Event: 1.610 GC heap before
{Heap before GC invocations=3 (full 0):
 PSYoungGen      total 38400K, used 38387K [0x00000000d5e00000, 0x00000000da900000, 0x0000000100000000)
  eden space 33280K, 100% used [0x00000000d5e00000,0x00000000d7e80000,0x00000000d7e80000)
  from space 5120K, 99% used [0x00000000d8380000,0x00000000d887cd00,0x00000000d8880000)
  to   space 5120K, 0% used [0x00000000d7e80000,0x00000000d7e80000,0x00000000d8380000)
 ParOldGen       total 87552K, used 1928K [0x0000000081a00000, 0x0000000086f80000, 0x00000000d5e00000)
  object space 87552K, 2% used [0x0000000081a00000,0x0000000081be2368,0x0000000086f80000)
 Metaspace       used 14631K, capacity 14892K, committed 14976K, reserved 1062912K
  class space    used 1820K, capacity 1908K, committed 1920K, reserved 1048576K
Event: 1.624 GC heap after
Heap after GC invocations=3 (full 0):
 PSYoungGen      total 38400K, used 5112K [0x00000000d5e00000, 0x00000000da900000, 0x0000000100000000)
  eden space 33280K, 0% used [0x00000000d5e00000,0x00000000d5e00000,0x00000000d7e80000)
  from space 5120K, 99% used [0x00000000d7e80000,0x00000000d837e070,0x00000000d8380000)
  to   space 5120K, 0% used [0x00000000da400000,0x00000000da400000,0x00000000da900000)
 ParOldGen       total 87552K, used 9029K [0x0000000081a00000, 0x0000000086f80000, 0x00000000d5e00000)
  object space 87552K, 10% used [0x0000000081a00000,0x00000000822d16c8,0x0000000086f80000)
 Metaspace       used 14631K, capacity 14892K, committed 14976K, reserved 1062912K
  class space    used 1820K, capacity 1908K, committed 1920K, reserved 1048576K
}
Event: 1.960 GC heap before
{Heap before GC invocations=4 (full 0):
 PSYoungGen      total 38400K, used 38392K [0x00000000d5e00000, 0x00000000da900000, 0x0000000100000000)
  eden space 33280K, 100% used [0x00000000d5e00000,0x00000000d7e80000,0x00000000d7e80000)
  from space 5120K, 99% used [0x00000000d7e80000,0x00000000d837e070,0x00000000d8380000)
  to   space 5120K, 0% used [0x00000000da400000,0x00000000da400000,0x00000000da900000)
 ParOldGen       total 87552K, used 9029K [0x0000000081a00000, 0x0000000086f80000, 0x00000000d5e00000)
  object space 87552K, 10% used [0x0000000081a00000,0x00000000822d16c8,0x0000000086f80000)
 Metaspace       used 15048K, capacity 15300K, committed 15488K, reserved 1062912K
  class space    used 1838K, capacity 1912K, committed 1920K, reserved 1048576K
Event: 1.986 GC heap after
Heap after GC invocations=4 (full 0):
 PSYoungGen      total 71680K, used 5096K [0x00000000d5e00000, 0x00000000da900000, 0x0000000100000000)
  eden space 66560K, 0% used [0x00000000d5e00000,0x00000000d5e00000,0x00000000d9f00000)
  from space 5120K, 99% used [0x00000000da400000,0x00000000da8fa040,0x00000000da900000)
  to   space 5120K, 0% used [0x00000000d9f00000,0x00000000d9f00000,0x00000000da400000)
 ParOldGen       total 87552K, used 14283K [0x0000000081a00000, 0x0000000086f80000, 0x00000000d5e00000)
  object space 87552K, 16% used [0x0000000081a00000,0x00000000827f2f08,0x0000000086f80000)
 Metaspace       used 15048K, capacity 15300K, committed 15488K, reserved 1062912K
  class space    used 1838K, capacity 1912K, committed 1920K, reserved 1048576K
}
Event: 2.760 GC heap before
{Heap before GC invocations=5 (full 0):
 PSYoungGen      total 71680K, used 71656K [0x00000000d5e00000, 0x00000000da900000, 0x0000000100000000)
  eden space 66560K, 100% used [0x00000000d5e00000,0x00000000d9f00000,0x00000000d9f00000)
  from space 5120K, 99% used [0x00000000da400000,0x00000000da8fa040,0x00000000da900000)
  to   space 5120K, 0% used [0x00000000d9f00000,0x00000000d9f00000,0x00000000da400000)
 ParOldGen       total 87552K, used 14283K [0x0000000081a00000, 0x0000000086f80000, 0x00000000d5e00000)
  object space 87552K, 16% used [0x0000000081a00000,0x00000000827f2f08,0x0000000086f80000)
 Metaspace       used 15665K, capacity 15990K, committed 16128K, reserved 1062912K
  class space    used 1873K, capacity 1947K, committed 2048K, reserved 1048576K
Event: 2.784 GC heap after
Heap after GC invocations=5 (full 0):
 PSYoungGen      total 71680K, used 5112K [0x00000000d5e00000, 0x00000000e0000000, 0x0000000100000000)
  eden space 66560K, 0% used [0x00000000d5e00000,0x00000000d5e00000,0x00000000d9f00000)
  from space 5120K, 99% used [0x00000000d9f00000,0x00000000da3fe030,0x00000000da400000)
  to   space 16384K, 0% used [0x00000000df000000,0x00000000df000000,0x00000000e0000000)
 ParOldGen       total 87552K, used 22737K [0x0000000081a00000, 0x0000000086f80000, 0x00000000d5e00000)
  object space 87552K, 25% used [0x0000000081a00000,0x00000000830345d0,0x0000000086f80000)
 Metaspace       used 15665K, capacity 15990K, committed 16128K, reserved 1062912K
  class space    used 1873K, capacity 1947K, committed 2048K, reserved 1048576K
}
Event: 3.536 GC heap before
{Heap before GC invocations=6 (full 0):
 PSYoungGen      total 71680K, used 71672K [0x00000000d5e00000, 0x00000000e0000000, 0x0000000100000000)
  eden space 66560K, 100% used [0x00000000d5e00000,0x00000000d9f00000,0x00000000d9f00000)
  from space 5120K, 99% used [0x00000000d9f00000,0x00000000da3fe030,0x00000000da400000)
  to   space 16384K, 0% used [0x00000000df000000,0x00000000df000000,0x00000000e0000000)
 ParOldGen       total 87552K, used 22737K [0x0000000081a00000, 0x0000000086f80000, 0x00000000d5e00000)
  object space 87552K, 25% used [0x0000000081a00000,0x00000000830345d0,0x0000000086f80000)
 Metaspace       used 16673K, capacity 17074K, committed 17280K, reserved 1064960K
  class space    used 1973K, capacity 2089K, committed 2176K, reserved 1048576K
Event: 3.555 GC heap after
Heap after GC invocations=6 (full 0):
 PSYoungGen      total 148992K, used 12734K [0x00000000d5e00000, 0x00000000e0100000, 0x0000000100000000)
  eden space 132608K, 0% used [0x00000000d5e00000,0x00000000d5e00000,0x00000000ddf80000)
  from space 16384K, 77% used [0x00000000df000000,0x00000000dfc6fa40,0x00000000e0000000)
  to   space 16896K, 0% used [0x00000000ddf80000,0x00000000ddf80000,0x00000000df000000)
 ParOldGen       total 87552K, used 22745K [0x0000000081a00000, 0x0000000086f80000, 0x00000000d5e00000)
  object space 87552K, 25% used [0x0000000081a00000,0x00000000830365d0,0x0000000086f80000)
 Metaspace       used 16673K, capacity 17074K, committed 17280K, reserved 1064960K
  class space    used 1973K, capacity 2089K, committed 2176K, reserved 1048576K
}
Event: 5.467 GC heap before
{Heap before GC invocations=7 (full 0):
 PSYoungGen      total 148992K, used 145342K [0x00000000d5e00000, 0x00000000e0100000, 0x0000000100000000)
  eden space 132608K, 100% used [0x00000000d5e00000,0x00000000ddf80000,0x00000000ddf80000)
  from space 16384K, 77% used [0x00000000df000000,0x00000000dfc6fa40,0x00000000e0000000)
  to   space 16896K, 0% used [0x00000000ddf80000,0x00000000ddf80000,0x00000000df000000)
 ParOldGen       total 87552K, used 22745K [0x0000000081a00000, 0x0000000086f80000, 0x00000000d5e00000)
  object space 87552K, 25% used [0x0000000081a00000,0x00000000830365d0,0x0000000086f80000)
 Metaspace       used 20099K, capacity 20650K, committed 20736K, reserved 1067008K
  class space    used 2339K, capacity 2510K, committed 2560K, reserved 1048576K
Event: 5.498 GC heap after
Heap after GC invocations=7 (full 0):
 PSYoungGen      total 149504K, used 16885K [0x00000000d5e00000, 0x00000000e9600000, 0x0000000100000000)
  eden space 132608K, 0% used [0x00000000d5e00000,0x00000000d5e00000,0x00000000ddf80000)
  from space 16896K, 99% used [0x00000000ddf80000,0x00000000deffd6d0,0x00000000df000000)
  to   space 27136K, 0% used [0x00000000e7b80000,0x00000000e7b80000,0x00000000e9600000)
 ParOldGen       total 87552K, used 37738K [0x0000000081a00000, 0x0000000086f80000, 0x00000000d5e00000)
  object space 87552K, 43% used [0x0000000081a00000,0x0000000083eda8d0,0x0000000086f80000)
 Metaspace       used 20099K, capacity 20650K, committed 20736K, reserved 1067008K
  class space    used 2339K, capacity 2510K, committed 2560K, reserved 1048576K
}

